<?xml version="1.0" encoding="UTF-8"?>
<testsuite xmlns:xsi="http://www.w3.org/2001/XMLSchema-instance" xsi:noNamespaceSchemaLocation="https://maven.apache.org/surefire/maven-surefire-plugin/xsd/surefire-test-report.xsd" version="3.0.2" name="com.example.training.TrainingApplicationTests" time="4.164" tests="1" errors="0" skipped="0" failures="0" flakes="0">
  <properties>
[...]
</properties>
  <testcase name="contextLoads" classname="com.example.training.TrainingApplicationTests" time="1.467">
    <system-out><![CDATA[15:03:19.849 [main] INFO org.springframework.test.context.support.AnnotationConfigContextLoaderUtils -- Could not detect default configuration classes for test class [com.example.training.TrainingApplicationTests]: TrainingApplicationTests does not declare any static, non-private, non-final, nested classes annotated with @Configuration.
15:03:20.054 [main] INFO org.springframework.boot.test.context.SpringBootTestContextBootstrapper -- Found @SpringBootConfiguration com.example.training.TrainingApplication for test class com.example.training.TrainingApplicationTests
15:03:20.168 [main] INFO org.springframework.test.context.support.AnnotationConfigContextLoaderUtils -- Could not detect default configuration classes for test class [com.example.training.TrainingApplicationTests]: TrainingApplicationTests does not declare any static, non-private, non-final, nested classes annotated with @Configuration.
15:03:20.172 [main] INFO org.springframework.boot.test.context.SpringBootTestContextBootstrapper -- Found @SpringBootConfiguration com.example.training.TrainingApplication for test class com.example.training.TrainingApplicationTests

  .   ____          _            __ _ _
 /\\ / ___'_ __ _ _(_)_ __  __ _ \ \ \ \
( ( )\___ | '_ | '_| | '_ \/ _` | \ \ \ \
 \\/  ___)| |_)| | | | | || (_| |  ) ) ) )
  '  |____| .__|_| |_|_| |_\__, | / / / /
 =========|_|==============|___/=/_/_/_/

 :: Spring Boot ::                (v4.1.0)

2026-06-17T15:03:20.538+07:00  INFO 36172 --- [training] [           main] c.e.training.TrainingApplicationTests    : Starting TrainingApplicationTests using Java 25.0.3 with PID 36172 (started by 74516 in D:\ECT - Pak Khalid\hephaestus-backend-forge\day-01-java-and-rest-api\02-springboot-rest-api\training)
2026-06-17T15:03:20.540+07:00  INFO 36172 --- [training] [           main] c.e.training.TrainingApplicationTests    : No active profile set, falling back to 1 default profile: "default"
2026-06-17T15:03:22.244+07:00  INFO 36172 --- [training] [           main] c.e.training.TrainingApplicationTests    : Started TrainingApplicationTests in 1.999 seconds (process running for 4.239)
2026-06-17T15:03:22.250+07:00  WARN 36172 --- [training] [           main] o.s.core.events.SpringDocAppInitializer  : SpringDoc /v3/api-docs endpoint is enabled by default. To disable it in production, set the property 'springdoc.api-docs.enabled=false'
2026-06-17T15:03:22.251+07:00  WARN 36172 --- [training] [           main] o.s.core.events.SpringDocAppInitializer  : SpringDoc /swagger-ui.html endpoint is enabled by default. To disable it in production, set the property 'springdoc.swagger-ui.enabled=false'
]]></system-out>
    <system-err><![CDATA[Mockito is currently self-attaching to enable the inline-mock-maker. This will no longer work in future releases of the JDK. Please add Mockito as an agent to your build as described in Mockito's documentation: https://javadoc.io/doc/org.mockito/mockito-core/latest/org.mockito/org/mockito/Mockito.html#0.3
WARNING: A Java agent has been loaded dynamically (C:\Users\74516\.m2\repository\net\bytebuddy\byte-buddy-agent\1.18.10\byte-buddy-agent-1.18.10.jar)
WARNING: If a serviceability tool is in use, please run with -XX:+EnableDynamicAgentLoading to hide this warning
WARNING: If a serviceability tool is not in use, please run with -Djdk.instrument.traceUsage for more information
WARNING: Dynamic loading of agents will be disallowed by default in a future release
]]></system-err>
  </testcase>
</testsuite>